{"D:\\0 Microverse\\2022-12-06-To Do list\\To-Do-list\\src\\crud.js": {"path":"D:\\0 Microverse\\2022-12-06-To Do list\\To-Do-list\\src\\crud.js","statementMap":{"0":{"start":{"line":1,"column":27},"end":{"line":3,"column":1}},"1":{"start":{"line":2,"column":2},"end":{"line":2,"column":54}},"2":{"start":{"line":5,"column":23},"end":{"line":10,"column":1}},"3":{"start":{"line":6,"column":2},"end":{"line":8,"column":3}},"4":{"start":{"line":6,"column":15},"end":{"line":6,"column":16}},"5":{"start":{"line":7,"column":4},"end":{"line":7,"column":25}},"6":{"start":{"line":9,"column":2},"end":{"line":9,"column":19}},"7":{"start":{"line":12,"column":24},"end":{"line":19,"column":1}},"8":{"start":{"line":13,"column":2},"end":{"line":17,"column":5}},"9":{"start":{"line":21,"column":29},"end":{"line":24,"column":1}},"10":{"start":{"line":22,"column":2},"end":{"line":22,"column":27}},"11":{"start":{"line":26,"column":25},"end":{"line":29,"column":1}},"12":{"start":{"line":27,"column":2},"end":{"line":27,"column":38}},"13":{"start":{"line":28,"column":2},"end":{"line":28,"column":19}}},"fnMap":{"0":{"name":"(anonymous_0)","decl":{"start":{"line":1,"column":27},"end":{"line":1,"column":28}},"loc":{"start":{"line":1,"column":36},"end":{"line":3,"column":1}},"line":1},"1":{"name":"(anonymous_1)","decl":{"start":{"line":5,"column":23},"end":{"line":5,"column":24}},"loc":{"start":{"line":5,"column":32},"end":{"line":10,"column":1}},"line":5},"2":{"name":"(anonymous_2)","decl":{"start":{"line":12,"column":24},"end":{"line":12,"column":25}},"loc":{"start":{"line":12,"column":38},"end":{"line":19,"column":1}},"line":12},"3":{"name":"(anonymous_3)","decl":{"start":{"line":21,"column":29},"end":{"line":21,"column":30}},"loc":{"start":{"line":21,"column":45},"end":{"line":24,"column":1}},"line":21},"4":{"name":"(anonymous_4)","decl":{"start":{"line":26,"column":25},"end":{"line":26,"column":26}},"loc":{"start":{"line":26,"column":49},"end":{"line":29,"column":1}},"line":26}},"branchMap":{},"s":{"0":1,"1":0,"2":1,"3":0,"4":0,"5":0,"6":0,"7":1,"8":5,"9":1,"10":7,"11":1,"12":0,"13":0},"f":{"0":0,"1":0,"2":5,"3":7,"4":0},"b":{},"_coverageSchema":"1a1c01bbd47fc00a2c39e90264f33305004495a9","hash":"9ad3a7e46166fc03caa5bd6c530a4c91d2bd036a"}
}
