{"D:\\0 Microverse\\2022-12-06-To Do list\\To-Do-list\\src\\crud.js": {"path":"D:\\0 Microverse\\2022-12-06-To Do list\\To-Do-list\\src\\crud.js","statementMap":{"0":{"start":{"line":1,"column":27},"end":{"line":3,"column":1}},"1":{"start":{"line":2,"column":2},"end":{"line":2,"column":54}},"2":{"start":{"line":5,"column":23},"end":{"line":10,"column":1}},"3":{"start":{"line":6,"column":2},"end":{"line":8,"column":3}},"4":{"start":{"line":6,"column":15},"end":{"line":6,"column":16}},"5":{"start":{"line":7,"column":4},"end":{"line":7,"column":25}},"6":{"start":{"line":9,"column":2},"end":{"line":9,"column":19}},"7":{"start":{"line":12,"column":24},"end":{"line":19,"column":1}},"8":{"start":{"line":13,"column":2},"end":{"line":17,"column":5}},"9":{"start":{"line":18,"column":2},"end":{"line":18,"column":15}},"10":{"start":{"line":21,"column":26},"end":{"line":43,"column":1}},"11":{"start":{"line":22,"column":13},"end":{"line":22,"column":54}},"12":{"start":{"line":24,"column":13},"end":{"line":24,"column":41}},"13":{"start":{"line":25,"column":2},"end":{"line":25,"column":36}},"14":{"start":{"line":26,"column":16},"end":{"line":26,"column":47}},"15":{"start":{"line":27,"column":14},"end":{"line":27,"column":45}},"16":{"start":{"line":28,"column":2},"end":{"line":28,"column":20}},"17":{"start":{"line":29,"column":2},"end":{"line":29,"column":29}},"18":{"start":{"line":30,"column":2},"end":{"line":30,"column":22}},"19":{"start":{"line":31,"column":14},"end":{"line":31,"column":41}},"20":{"start":{"line":32,"column":14},"end":{"line":32,"column":41}},"21":{"start":{"line":33,"column":14},"end":{"line":33,"column":41}},"22":{"start":{"line":34,"column":2},"end":{"line":34,"column":26}},"23":{"start":{"line":35,"column":2},"end":{"line":35,"column":31}},"24":{"start":{"line":36,"column":2},"end":{"line":36,"column":48}},"25":{"start":{"line":37,"column":2},"end":{"line":37,"column":54}},"26":{"start":{"line":38,"column":2},"end":{"line":38,"column":52}},"27":{"start":{"line":39,"column":2},"end":{"line":39,"column":29}},"28":{"start":{"line":40,"column":2},"end":{"line":40,"column":16}},"29":{"start":{"line":41,"column":2},"end":{"line":41,"column":39}},"30":{"start":{"line":42,"column":2},"end":{"line":42,"column":38}},"31":{"start":{"line":45,"column":29},"end":{"line":48,"column":1}},"32":{"start":{"line":46,"column":2},"end":{"line":46,"column":27}},"33":{"start":{"line":47,"column":2},"end":{"line":47,"column":15}}},"fnMap":{"0":{"name":"(anonymous_0)","decl":{"start":{"line":1,"column":27},"end":{"line":1,"column":28}},"loc":{"start":{"line":1,"column":36},"end":{"line":3,"column":1}},"line":1},"1":{"name":"(anonymous_1)","decl":{"start":{"line":5,"column":23},"end":{"line":5,"column":24}},"loc":{"start":{"line":5,"column":32},"end":{"line":10,"column":1}},"line":5},"2":{"name":"(anonymous_2)","decl":{"start":{"line":12,"column":24},"end":{"line":12,"column":25}},"loc":{"start":{"line":12,"column":38},"end":{"line":19,"column":1}},"line":12},"3":{"name":"(anonymous_3)","decl":{"start":{"line":21,"column":26},"end":{"line":21,"column":27}},"loc":{"start":{"line":21,"column":38},"end":{"line":43,"column":1}},"line":21},"4":{"name":"(anonymous_4)","decl":{"start":{"line":45,"column":29},"end":{"line":45,"column":30}},"loc":{"start":{"line":45,"column":45},"end":{"line":48,"column":1}},"line":45}},"branchMap":{},"s":{"0":2,"1":18,"2":2,"3":13,"4":13,"5":36,"6":13,"7":2,"8":5,"9":5,"10":2,"11":1,"12":1,"13":1,"14":1,"15":1,"16":1,"17":1,"18":1,"19":1,"20":1,"21":1,"22":1,"23":1,"24":1,"25":1,"26":1,"27":1,"28":1,"29":1,"30":1,"31":2,"32":7,"33":7},"f":{"0":18,"1":13,"2":5,"3":1,"4":7},"b":{},"_coverageSchema":"1a1c01bbd47fc00a2c39e90264f33305004495a9","hash":"2f057dd7d0a18713e724dcddc19a882626112cf5"}
,"D:\\0 Microverse\\2022-12-06-To Do list\\To-Do-list\\src\\update.js": {"path":"D:\\0 Microverse\\2022-12-06-To Do list\\To-Do-list\\src\\update.js","statementMap":{"0":{"start":{"line":3,"column":31},"end":{"line":6,"column":1}},"1":{"start":{"line":4,"column":2},"end":{"line":4,"column":36}},"2":{"start":{"line":5,"column":2},"end":{"line":5,"column":19}},"3":{"start":{"line":8,"column":25},"end":{"line":11,"column":1}},"4":{"start":{"line":9,"column":2},"end":{"line":9,"column":38}},"5":{"start":{"line":10,"column":2},"end":{"line":10,"column":19}},"6":{"start":{"line":13,"column":30},"end":{"line":20,"column":1}},"7":{"start":{"line":14,"column":2},"end":{"line":18,"column":3}},"8":{"start":{"line":14,"column":15},"end":{"line":14,"column":16}},"9":{"start":{"line":15,"column":4},"end":{"line":17,"column":5}},"10":{"start":{"line":16,"column":6},"end":{"line":16,"column":23}},"11":{"start":{"line":19,"column":2},"end":{"line":19,"column":15}}},"fnMap":{"0":{"name":"(anonymous_0)","decl":{"start":{"line":3,"column":31},"end":{"line":3,"column":32}},"loc":{"start":{"line":3,"column":55},"end":{"line":6,"column":1}},"line":3},"1":{"name":"(anonymous_1)","decl":{"start":{"line":8,"column":25},"end":{"line":8,"column":26}},"loc":{"start":{"line":8,"column":49},"end":{"line":11,"column":1}},"line":8},"2":{"name":"(anonymous_2)","decl":{"start":{"line":13,"column":30},"end":{"line":13,"column":31}},"loc":{"start":{"line":13,"column":39},"end":{"line":20,"column":1}},"line":13}},"branchMap":{"0":{"loc":{"start":{"line":15,"column":4},"end":{"line":17,"column":5}},"type":"if","locations":[{"start":{"line":15,"column":4},"end":{"line":17,"column":5}},{"start":{},"end":{}}],"line":15}},"s":{"0":1,"1":3,"2":3,"3":1,"4":2,"5":2,"6":1,"7":1,"8":1,"9":3,"10":2,"11":1},"f":{"0":3,"1":2,"2":1},"b":{"0":[2,1]},"_coverageSchema":"1a1c01bbd47fc00a2c39e90264f33305004495a9","hash":"b8124d76467f434ff5fd157864bb2e3b9106a93d"}
}
