TN:
SF:src\crud.js
FN:1,(anonymous_0)
FN:5,(anonymous_1)
FN:12,(anonymous_2)
FN:21,(anonymous_3)
FN:45,(anonymous_4)
FNF:5
FNH:5
FNDA:18,(anonymous_0)
FNDA:13,(anonymous_1)
FNDA:5,(anonymous_2)
FNDA:1,(anonymous_3)
FNDA:7,(anonymous_4)
DA:1,2
DA:2,18
DA:5,2
DA:6,13
DA:7,36
DA:9,13
DA:12,2
DA:13,5
DA:18,5
DA:21,2
DA:22,1
DA:24,1
DA:25,1
DA:26,1
DA:27,1
DA:28,1
DA:29,1
DA:30,1
DA:31,1
DA:32,1
DA:33,1
DA:34,1
DA:35,1
DA:36,1
DA:37,1
DA:38,1
DA:39,1
DA:40,1
DA:41,1
DA:42,1
DA:45,2
DA:46,7
DA:47,7
LF:33
LH:33
BRF:0
BRH:0
end_of_record
TN:
SF:src\update.js
FN:3,(anonymous_0)
FN:8,(anonymous_1)
FN:13,(anonymous_2)
FNF:3
FNH:3
FNDA:3,(anonymous_0)
FNDA:2,(anonymous_1)
FNDA:1,(anonymous_2)
DA:3,1
DA:4,3
DA:5,3
DA:8,1
DA:9,2
DA:10,2
DA:13,1
DA:14,1
DA:15,3
DA:16,2
DA:19,1
LF:11
LH:11
BRDA:15,0,0,2
BRDA:15,0,1,1
BRF:2
BRH:2
end_of_record
